<?xml version="1.0" encoding="UTF-8"?>
<!-- Generated by org.testng.reporters.JUnitXMLReporter -->
<testsuite ignored="0" hostname="DESKTOP-A6LNTTJ" failures="0" tests="4" name="Default test" time="177.202" errors="0" timestamp="2022-12-02T17:28:33 IST">
  <testcase classname="Test.UserManagementTest" name="addStudent" time="43.213"/>
  <testcase classname="Test.UserManagementTest" name="addTeacher" time="46.628"/>
  <testcase classname="Test.UserManagementTest" name="addDataOperator" time="44.619"/>
  <testcase classname="Test.UserManagementTest" name="addOpeartion" time="42.608"/>
</testsuite> <!-- Default test -->
