<?xml version="1.0" encoding="UTF-8"?>
<!-- Generated by org.testng.reporters.JUnitXMLReporter -->
<testsuite ignored="0" hostname="DESKTOP-A6LNTTJ" failures="0" tests="4" name="Test" time="188.558" errors="0" timestamp="2022-12-03T14:49:48 IST">
  <testcase classname="Test.UserManagementTest" name="addStudent" time="46.637"/>
  <testcase classname="Test.UserManagementTest" name="addTeacher" time="49.275"/>
  <testcase classname="Test.UserManagementTest" name="addDataOperator" time="47.817"/>
  <testcase classname="Test.UserManagementTest" name="addOpeartion" time="44.669"/>
</testsuite> <!-- Test -->
